c:\users\rphil\desktop\opengl_test\opengl_test\opengl_core\x64\debug\vc141.pdb
c:\users\rphil\desktop\opengl_test\opengl_test\opengl_core\x64\debug\vc141.idb
c:\users\rphil\desktop\opengl_test\opengl_test\opengl_core\x64\debug\glad.obj
c:\users\rphil\desktop\opengl_test\opengl_test\opengl_core\x64\debug\main.obj
c:\users\rphil\desktop\opengl_test\opengl_test\x64\debug\opengl_core.exe
c:\users\rphil\desktop\opengl_test\opengl_test\x64\debug\opengl_core.ilk
c:\users\rphil\desktop\opengl_test\opengl_test\x64\debug\opengl_core.pdb
c:\users\rphil\desktop\opengl_test\learn_opengl\opengl_core\x64\debug\glad.obj
c:\users\rphil\desktop\opengl_test\learn_opengl\opengl_core\x64\debug\main.obj
c:\users\rphil\desktop\opengl_test\learn_opengl\opengl_core\x64\debug\vc141.idb
c:\users\rphil\desktop\opengl_test\learn_opengl\opengl_core\x64\debug\vc141.pdb
c:\users\rphil\desktop\opengl_test\learn_opengl\x64\debug\opengl_core.pdb
c:\users\rphil\desktop\opengl_test\learn_opengl\x64\debug\opengl_core.exe
c:\users\rphil\desktop\opengl_test\learn_opengl\x64\debug\opengl_core.ilk
c:\users\rphil\desktop\opengl_test\learn_opengl\opengl_core\x64\debug\opengl_core.tlog\cl.command.1.tlog
c:\users\rphil\desktop\opengl_test\learn_opengl\opengl_core\x64\debug\opengl_core.tlog\cl.read.1.tlog
c:\users\rphil\desktop\opengl_test\learn_opengl\opengl_core\x64\debug\opengl_core.tlog\cl.write.1.tlog
c:\users\rphil\desktop\opengl_test\learn_opengl\opengl_core\x64\debug\opengl_core.tlog\link.command.1.tlog
c:\users\rphil\desktop\opengl_test\learn_opengl\opengl_core\x64\debug\opengl_core.tlog\link.read.1.tlog
c:\users\rphil\desktop\opengl_test\learn_opengl\opengl_core\x64\debug\opengl_core.tlog\link.write.1.tlog
